<?xml version="1.0" encoding="UTF-8"?>
<testng-results skipped="0" failed="0" ignored="0" total="1" passed="1">
  <reporter-output>
  </reporter-output>
  <suite name="Default suite" duration-ms="22218" started-at="2022-02-14T16:32:37 CET" finished-at="2022-02-14T16:33:00 CET">
    <groups>
    </groups>
    <test name="Default test" duration-ms="22218" started-at="2022-02-14T16:32:37 CET" finished-at="2022-02-14T16:33:00 CET">
      <class name="d10_02_2022.Zadatak1">
        <test-method status="PASS" signature="before()[pri:0, instance:d10_02_2022.Zadatak1@4a87761d]" name="before" is-config="true" duration-ms="12115" started-at="2022-02-14T16:32:37 CET" finished-at="2022-02-14T16:32:49 CET">
          <reporter-output>
          </reporter-output>
        </test-method> <!-- before -->
        <test-method status="PASS" signature="screenshotTest()[pri:0, instance:d10_02_2022.Zadatak1@4a87761d]" name="screenshotTest" duration-ms="10035" started-at="2022-02-14T16:32:49 CET" finished-at="2022-02-14T16:33:00 CET">
          <reporter-output>
          </reporter-output>
        </test-method> <!-- screenshotTest -->
      </class> <!-- d10_02_2022.Zadatak1 -->
    </test> <!-- Default test -->
  </suite> <!-- Default suite -->
</testng-results>
