<?xml version="1.0" encoding="UTF-8"?>
<testng-results skipped="0" failed="0" ignored="0" total="1" passed="1">
  <reporter-output>
  </reporter-output>
  <suite name="Default suite" duration-ms="43071" started-at="2022-02-09T01:22:35 CET" finished-at="2022-02-09T01:23:19 CET">
    <groups>
    </groups>
    <test name="Default test" duration-ms="43071" started-at="2022-02-09T01:22:35 CET" finished-at="2022-02-09T01:23:19 CET">
      <class name="d07_02_2022_tests.ShopTest">
        <test-method status="PASS" signature="before()[pri:0, instance:d07_02_2022_tests.ShopTest@12f41634]" name="before" is-config="true" duration-ms="21464" started-at="2022-02-09T01:22:36 CET" finished-at="2022-02-09T01:22:57 CET">
          <reporter-output>
          </reporter-output>
        </test-method> <!-- before -->
        <test-method status="PASS" signature="shopTest()[pri:0, instance:d07_02_2022_tests.ShopTest@12f41634]" name="shopTest" duration-ms="17629" started-at="2022-02-09T01:22:57 CET" finished-at="2022-02-09T01:23:15 CET">
          <reporter-output>
          </reporter-output>
        </test-method> <!-- shopTest -->
        <test-method status="PASS" signature="after()[pri:0, instance:d07_02_2022_tests.ShopTest@12f41634]" name="after" is-config="true" duration-ms="3916" started-at="2022-02-09T01:23:15 CET" finished-at="2022-02-09T01:23:19 CET">
          <reporter-output>
          </reporter-output>
        </test-method> <!-- after -->
      </class> <!-- d07_02_2022_tests.ShopTest -->
    </test> <!-- Default test -->
  </suite> <!-- Default suite -->
</testng-results>
